#
# A fatal error has been detected by the Java Runtime Environment:
#
#  SIGSEGV (0xb) at pc=0x000000010504ec3c, pid=5611, tid=0x0000000000003507
#
# JRE version: Java(TM) SE Runtime Environment (8.0_221-b11) (build 1.8.0_221-b11)
# Java VM: Java HotSpot(TM) 64-Bit Server VM (25.221-b11 mixed mode bsd-amd64 compressed oops)
# Problematic frame:
# V  [libjvm.dylib+0x24ec3c]
#
# Failed to write core dump. Core dumps have been disabled. To enable core dumping, try "ulimit -c unlimited" before starting Java again
#
# If you would like to submit a bug report, please visit:
#   http://bugreport.java.com/bugreport/crash.jsp
#

---------------  T H R E A D  ---------------

Current thread (0x00007ff421032800):  JavaThread "JDWP Transport Listener: dt_socket" daemon [_thread_in_vm, id=13575, stack(0x0000700009273000,0x0000700009373000)]

siginfo: si_signo: 11 (SIGSEGV), si_code: 0 (unknown), si_addr: 0x0000000000000000

Registers:
RAX=0xfb058d480c74c084, RBX=0x0000700009371d90, RCX=0x3b740238830054c2, RDX=0x000000010b1f7620
RSP=0x0000700009371d00, RBP=0x0000700009371d20, RSI=0x00007ff4220b4c18, RDI=0x00007ff4220b4c18
R8 =0x00007ff4220b4ca8, R9 =0x0000700009371e20, R10=0x00007000088a7e28, R11=0xfffff00be72bd178
R12=0x0000700009371d90, R13=0x00007ff421032800, R14=0x0000700009371dc0, R15=0x00007ff4220b4c18
RIP=0x000000010504ec3c, EFLAGS=0x0000000000010246, ERR=0x0000000000000000
  TRAPNO=0x000000000000000d

Top of Stack: (sp=0x0000700009371d00)
0x0000700009371d00:   0000700009371dc0 00007ff420401540
0x0000700009371d10:   0000700009371d90 00007000093723b0
0x0000700009371d20:   0000700009371d80 000000010504d640
0x0000700009371d30:   0000700009371d70 000000010504e9c4
0x0000700009371d40:   0000000000007fe8 0000700009371e10
0x0000700009371d50:   0000700009371e10 00007ff4220ac410
0x0000700009371d60:   00007ff420401540 00007ff4220b4c10
0x0000700009371d70:   00000000000009ad 00007000093723b0
0x0000700009371d80:   0000700009372380 00000001053aefa2
0x0000700009371d90:   00000001051b0a7a 3b740238830054c2
0x0000700009371da0:   0000000000000000 0000000100000000
0x0000700009371db0:   fb058d480c74c084 00000001051b0a7a
0x0000700009371dc0:   0000000000000000 0000000000000000
0x0000700009371dd0:   0000000000000000 0000000000000000
0x0000700009371de0:   0000000000000000 0000000000000000
0x0000700009371df0:   0000000000000000 0000000000000000
0x0000700009371e00:   0000000000000000 0000000000000000
0x0000700009371e10:   00007000088a7e28 00007000088a7e28
0x0000700009371e20:   0000000000000000 0000000000000000
0x0000700009371e30:   0000000000000000 0000000000000000
0x0000700009371e40:   0000000000000000 0000000000000000
0x0000700009371e50:   0000000000000000 0000000000000000
0x0000700009371e60:   0000000000000000 0000000000000000
0x0000700009371e70:   0000000000000000 0000000000000000
0x0000700009371e80:   0000000000000000 0000000000000000
0x0000700009371e90:   0000000000000000 0000000000000000
0x0000700009371ea0:   0000000000000000 0000000000000000
0x0000700009371eb0:   0000000000000000 0000000000000000
0x0000700009371ec0:   0000000000000000 0000000000000000
0x0000700009371ed0:   0000000000000000 0000000000000000
0x0000700009371ee0:   0000000000000000 0000000000000000
0x0000700009371ef0:   0000000000000000 0000000000000000 

Instructions: (pc=0x000000010504ec3c)
0x000000010504ec1c:   fd ff ff eb 77 49 83 7f 10 00 74 10 4c 89 e7 4c
0x000000010504ec2c:   89 fe 4c 89 f2 e8 06 fe ff ff eb 60 49 8b 47 20
0x000000010504ec3c:   48 8b 08 48 8b 78 08 48 83 c0 10 49 89 04 24 49
0x000000010504ec4c:   89 44 24 28 49 89 4c 24 20 49 89 7c 24 08 e8 83 

Register to memory mapping:

RAX=0xfb058d480c74c084 is an unknown value
RBX=0x0000700009371d90 is pointing into the stack for thread: 0x00007ff421032800
RCX=0x3b740238830054c2 is an unknown value
RDX=0x000000010b1f7620 is an unknown value
RSP=0x0000700009371d00 is pointing into the stack for thread: 0x00007ff421032800
RBP=0x0000700009371d20 is pointing into the stack for thread: 0x00007ff421032800
RSI=0x00007ff4220b4c18 is an unknown value
RDI=0x00007ff4220b4c18 is an unknown value
R8 =0x00007ff4220b4ca8 is an unknown value
R9 =0x0000700009371e20 is pointing into the stack for thread: 0x00007ff421032800
R10=0x00007000088a7e28 is pointing into the stack for thread: 0x00007ff420800800
R11=0xfffff00be72bd178 is an unknown value
R12=0x0000700009371d90 is pointing into the stack for thread: 0x00007ff421032800
R13=0x00007ff421032800 is a thread
R14=0x0000700009371dc0 is pointing into the stack for thread: 0x00007ff421032800
R15=0x00007ff4220b4c18 is an unknown value


Stack: [0x0000700009273000,0x0000700009373000],  sp=0x0000700009371d00,  free space=1019k
Native frames: (J=compiled Java code, j=interpreted, Vv=VM code, C=native code)
V  [libjvm.dylib+0x24ec3c]
V  [libjvm.dylib+0x24d640]
V  [libjvm.dylib+0x5aefa2]
V  [libjvm.dylib+0x5aea49]
V  [libjvm.dylib+0x38f452]
V  [libjvm.dylib+0x38f7cb]
V  [libjvm.dylib+0x38b1e2]
V  [libjvm.dylib+0x360ce7]
C  [libjdwp.dylib+0x8666]  frames+0x1f5
C  [libjdwp.dylib+0xe50c]  debugLoop_run+0x1c2
C  [libjdwp.dylib+0x1f5de]  attachThread+0x4d
V  [libjvm.dylib+0x39d9d0]
V  [libjvm.dylib+0x570b93]
V  [libjvm.dylib+0x57228e]
V  [libjvm.dylib+0x48f30a]
C  [libsystem_pthread.dylib+0x5d76]  _pthread_start+0x7d
C  [libsystem_pthread.dylib+0x25d7]  thread_start+0xf
C  0x0000000000000000


---------------  P R O C E S S  ---------------

Java Threads: ( => current thread )
  0x00007ff42087b000 JavaThread "SIGTERM handler" daemon [_thread_blocked, id=18183, stack(0x0000700009479000,0x0000700009579000)]
  0x00007ff420880800 JavaThread "Service Thread" daemon [_thread_blocked, id=17155, stack(0x0000700009885000,0x0000700009985000)]
  0x00007ff420834800 JavaThread "C1 CompilerThread2" daemon [_thread_blocked, id=17667, stack(0x0000700009782000,0x0000700009882000)]
  0x00007ff421021800 JavaThread "C2 CompilerThread1" daemon [_thread_blocked, id=15107, stack(0x000070000967f000,0x000070000977f000)]
  0x00007ff422021800 JavaThread "C2 CompilerThread0" daemon [_thread_blocked, id=14595, stack(0x000070000957c000,0x000070000967c000)]
  0x00007ff42182b800 JavaThread "JDWP Event Helper Thread" daemon [_thread_blocked, id=13827, stack(0x0000700009376000,0x0000700009476000)]
=>0x00007ff421032800 JavaThread "JDWP Transport Listener: dt_socket" daemon [_thread_in_vm, id=13575, stack(0x0000700009273000,0x0000700009373000)]
  0x00007ff422000800 JavaThread "Signal Dispatcher" daemon [_thread_blocked, id=18947, stack(0x0000700009170000,0x0000700009270000)]
  0x00007ff421008000 JavaThread "Finalizer" daemon [_thread_blocked, id=20995, stack(0x0000700008f67000,0x0000700009067000)]
  0x00007ff420830000 JavaThread "Reference Handler" daemon [_thread_blocked, id=21251, stack(0x0000700008e64000,0x0000700008f64000)]
  0x00007ff420800800 JavaThread "main" [_thread_blocked, id=2819, stack(0x0000700008852000,0x0000700008952000)]

Other Threads:
  0x00007ff420829000 VMThread [stack: 0x0000700008d61000,0x0000700008e61000] [id=11011]

VM state:synchronizing (normal execution)

VM Mutex/Monitor currently owned by a thread:  ([mutex/lock_event])
[0x00007ff42060d080] Threads_lock - owner thread: 0x00007ff420829000
[0x00007ff42060da80] Compile_lock - owner thread: 0x00007ff420800800

OutOfMemory and StackOverflow Exception counts:
StackOverflowErrors=1

heap address: 0x0000000740000000, size: 2048 MB, Compressed Oops mode: Zero based, Oop shift amount: 3
Narrow klass base: 0x0000000000000000, Narrow klass shift: 3
Compressed class space size: 1073741824 Address: 0x00000007c0000000

Heap:
 PSYoungGen      total 38400K, used 7353K [0x0000000795580000, 0x0000000798000000, 0x00000007c0000000)
  eden space 33280K, 22% used [0x0000000795580000,0x0000000795cae640,0x0000000797600000)
  from space 5120K, 0% used [0x0000000797b00000,0x0000000797b00000,0x0000000798000000)
  to   space 5120K, 0% used [0x0000000797600000,0x0000000797600000,0x0000000797b00000)
 ParOldGen       total 87552K, used 0K [0x0000000740000000, 0x0000000745580000, 0x0000000795580000)
  object space 87552K, 0% used [0x0000000740000000,0x0000000740000000,0x0000000745580000)
 Metaspace       used 4888K, capacity 5010K, committed 5248K, reserved 1056768K
  class space    used 513K, capacity 561K, committed 640K, reserved 1048576K

Card table byte_map: [0x0000000106179000,0x000000010657a000] byte_map_base: 0x0000000102779000

Marking Bits: (ParMarkBitMap*) 0x00000001056fbe40
 Begin Bits: [0x0000000106825000, 0x0000000108825000)
 End Bits:   [0x0000000108825000, 0x000000010a825000)

Polling page: 0x0000000104471000

CodeCache: size=245760Kb used=1322Kb max_used=1332Kb free=244437Kb
 bounds [0x000000010b1b2000, 0x000000010b422000, 0x000000011a1b2000]
 total_blobs=393 nmethods=110 adapters=205
 compilation: enabled

Compilation events (10 events):
Event: 0.701 Thread 0x00007ff420834800 nmethod 106 0x000000010b2fa910 code [0x000000010b2faac0, 0x000000010b2fb148]
Event: 0.702 Thread 0x00007ff420834800  107       3       org.eclipse.jdt.launching.internal.org.objectweb.asm.ClassReader::readUnsignedShort (26 bytes)
Event: 0.702 Thread 0x00007ff420834800 nmethod 107 0x000000010b2fb350 code [0x000000010b2fb4c0, 0x000000010b2fb670]
Event: 0.703 Thread 0x00007ff420834800  108       3       org.eclipse.jdt.launching.internal.org.objectweb.asm.ByteVector::putShort (52 bytes)
Event: 0.703 Thread 0x00007ff420834800 nmethod 108 0x000000010b2fb990 code [0x000000010b2fbb00, 0x000000010b2fbd68]
Event: 0.704 Thread 0x00007ff422021800 nmethod 104 0x000000010b2fedd0 code [0x000000010b2fef40, 0x000000010b2ff258]
Event: 0.717 Thread 0x00007ff420834800  110       3       org.eclipse.jdt.launching.internal.org.objectweb.asm.SymbolTable::get (13 bytes)
Event: 0.717 Thread 0x00007ff420834800 nmethod 110 0x000000010b2fe9d0 code [0x000000010b2feb40, 0x000000010b2fecf0]
Event: 0.717 Thread 0x00007ff420834800  109       3       java.util.concurrent.ConcurrentHashMap::spread (10 bytes)
Event: 0.717 Thread 0x00007ff420834800 nmethod 109 0x000000010b2fe6d0 code [0x000000010b2fe820, 0x000000010b2fe970]

GC Heap History (0 events):
No events

Deoptimization events (0 events):
No events

Classes redefined (0 events):
No events

Internal exceptions (3 events):
Event: 0.044 Thread 0x00007ff420800800 Exception <a 'java/lang/NoSuchMethodError': Method sun.misc.Unsafe.defineClass(Ljava/lang/String;[BII)Ljava/lang/Class; name or signature does not match> (0x0000000795587cb8) thrown at [/Users/java_re/workspace/8-2-build-macosx-x86_64/jdk8u221/13320/hotsp
Event: 0.045 Thread 0x00007ff420800800 Exception <a 'java/lang/NoSuchMethodError': Method sun.misc.Unsafe.prefetchRead(Ljava/lang/Object;J)V name or signature does not match> (0x0000000795587fa0) thrown at [/Users/java_re/workspace/8-2-build-macosx-x86_64/jdk8u221/13320/hotspot/src/share/vm/pr
Event: 4.704 Thread 0x00007ff420800800 Exception <a 'java/lang/StackOverflowError'> (0x0000000795b4cd08) thrown at [/Users/java_re/workspace/8-2-build-macosx-x86_64/jdk8u221/13320/hotspot/src/share/vm/interpreter/interpreterRuntime.cpp, line 325]

Events (10 events):
Event: 4.701 Executing VM operation: GetOrSetLocal
Event: 4.701 Executing VM operation: GetOrSetLocal done
Event: 17.487 Thread 0x00007ff42182c000 Thread exited: 0x00007ff42182c000
Event: 17.655 loading class sun/misc/Signal$1
Event: 17.655 loading class sun/misc/Signal$1 done
Event: 17.655 Thread 0x00007ff42087b000 Thread added: 0x00007ff42087b000
Event: 17.655 loading class java/lang/Shutdown
Event: 17.655 loading class java/lang/Shutdown done
Event: 17.655 loading class java/lang/Shutdown$Lock
Event: 17.655 loading class java/lang/Shutdown$Lock done


Dynamic libraries:
0x00007fff3a9d7000 	/System/Library/Frameworks/Cocoa.framework/Versions/A/Cocoa
0x00007fff47f7e000 	/System/Library/Frameworks/Security.framework/Versions/A/Security
0x00007fff3997d000 	/System/Library/Frameworks/ApplicationServices.framework/Versions/A/ApplicationServices
0x00007fff71fd9000 	/usr/lib/libz.1.dylib
0x00007fff6fae1000 	/usr/lib/libSystem.B.dylib
0x00007fff71904000 	/usr/lib/libobjc.A.dylib
0x00007fff3b93c000 	/System/Library/Frameworks/CoreFoundation.framework/Versions/A/CoreFoundation
0x00007fff3dff7000 	/System/Library/Frameworks/Foundation.framework/Versions/C/Foundation
0x00007fff38b81000 	/System/Library/Frameworks/AppKit.framework/Versions/C/AppKit
0x00007fff3b456000 	/System/Library/Frameworks/CoreData.framework/Versions/A/CoreData
0x00007fff6c392000 	/System/Library/PrivateFrameworks/UIFoundation.framework/Versions/A/UIFoundation
0x00007fff66c32000 	/System/Library/PrivateFrameworks/RemoteViewServices.framework/Versions/A/RemoteViewServices
0x00007fff6ee12000 	/System/Library/PrivateFrameworks/XCTTargetBootstrap.framework/Versions/A/XCTTargetBootstrap
0x00007fff3b831000 	/System/Library/Frameworks/CoreDisplay.framework/Versions/A/CoreDisplay
0x00007fff40d2f000 	/System/Library/Frameworks/Metal.framework/Versions/A/Metal
0x00007fff5519f000 	/System/Library/PrivateFrameworks/DesktopServicesPriv.framework/Versions/A/DesktopServicesPriv
0x00007fff70bfc000 	/usr/lib/liblangid.dylib
0x00007fff542fb000 	/System/Library/PrivateFrameworks/CoreSVG.framework/Versions/A/CoreSVG
0x00007fff69962000 	/System/Library/PrivateFrameworks/SkyLight.framework/Versions/A/SkyLight
0x00007fff3bdbd000 	/System/Library/Frameworks/CoreGraphics.framework/Versions/A/CoreGraphics
0x00007fff37722000 	/System/Library/Frameworks/Accelerate.framework/Versions/A/Accelerate
0x00007fff71eca000 	/usr/lib/libxml2.2.dylib
0x00007fff5fd6a000 	/System/Library/PrivateFrameworks/IconServices.framework/Versions/A/IconServices
0x00007fff3e7b5000 	/System/Library/Frameworks/IOSurface.framework/Versions/A/IOSurface
0x00007fff6f61a000 	/usr/lib/libDiagnosticMessagesClient.dylib
0x00007fff55019000 	/System/Library/PrivateFrameworks/DFRFoundation.framework/Versions/A/DFRFoundation
0x00007fff7098a000 	/usr/lib/libicucore.A.dylib
0x00007fff39caf000 	/System/Library/Frameworks/AudioToolbox.framework/Versions/A/AudioToolbox
0x00007fff39d91000 	/System/Library/Frameworks/AudioUnit.framework/Versions/A/AudioUnit
0x00007fff6fce3000 	/usr/lib/libauto.dylib
0x00007fff55099000 	/System/Library/PrivateFrameworks/DataDetectorsCore.framework/Versions/A/DataDetectorsCore
0x00007fff3a4f8000 	/System/Library/Frameworks/Carbon.framework/Versions/A/Frameworks/HIToolbox.framework/Versions/A/HIToolbox
0x00007fff47176000 	/System/Library/Frameworks/QuartzCore.framework/Versions/A/QuartzCore
0x00007fff3a837000 	/System/Library/Frameworks/Carbon.framework/Versions/A/Frameworks/SpeechRecognition.framework/Versions/A/SpeechRecognition
0x00007fff5499b000 	/System/Library/PrivateFrameworks/CoreUI.framework/Versions/A/CoreUI
0x00007fff3aebc000 	/System/Library/Frameworks/CoreAudio.framework/Versions/A/CoreAudio
0x00007fff3dcc4000 	/System/Library/Frameworks/DiskArbitration.framework/Versions/A/DiskArbitration
0x00007fff61e50000 	/System/Library/PrivateFrameworks/MultitouchSupport.framework/Versions/A/MultitouchSupport
0x00007fff70855000 	/usr/lib/libenergytrace.dylib
0x00007fff3e710000 	/System/Library/Frameworks/IOKit.framework/Versions/A/IOKit
0x00007fff3cd23000 	/System/Library/Frameworks/CoreServices.framework/Versions/A/CoreServices
0x00007fff63ea5000 	/System/Library/PrivateFrameworks/PerformanceAnalysis.framework/Versions/A/PerformanceAnalysis
0x00007fff461ae000 	/System/Library/Frameworks/OpenGL.framework/Versions/A/OpenGL
0x00007fff3a9e5000 	/System/Library/Frameworks/ColorSync.framework/Versions/A/ColorSync
0x00007fff3c444000 	/System/Library/Frameworks/CoreImage.framework/Versions/A/CoreImage
0x00007fff3d797000 	/System/Library/Frameworks/CoreText.framework/Versions/A/CoreText
0x00007fff3e838000 	/System/Library/Frameworks/ImageIO.framework/Versions/A/ImageIO
0x00007fff6fdbf000 	/usr/lib/libc++.1.dylib
0x00007fff6fe3b000 	/usr/lib/libcompression.dylib
0x00007fff6f95b000 	/usr/lib/libMobileGestalt.dylib
0x00007fff6b485000 	/System/Library/PrivateFrameworks/TextureIO.framework/Versions/A/TextureIO
0x00007fff6fc49000 	/usr/lib/libate.dylib
0x00007fff5ff70000 	/System/Library/PrivateFrameworks/InternationalSupport.framework/Versions/A/InternationalSupport
0x00007fff72a50000 	/usr/lib/system/libcache.dylib
0x00007fff72a56000 	/usr/lib/system/libcommonCrypto.dylib
0x00007fff72a62000 	/usr/lib/system/libcompiler_rt.dylib
0x00007fff72a6a000 	/usr/lib/system/libcopyfile.dylib
0x00007fff72a74000 	/usr/lib/system/libcorecrypto.dylib
0x00007fff72c22000 	/usr/lib/system/libdispatch.dylib
0x00007fff72c64000 	/usr/lib/system/libdyld.dylib
0x00007fff72c9a000 	/usr/lib/system/libkeymgr.dylib
0x00007fff72ca8000 	/usr/lib/system/liblaunch.dylib
0x00007fff72ca9000 	/usr/lib/system/libmacho.dylib
0x00007fff72caf000 	/usr/lib/system/libquarantine.dylib
0x00007fff72cb2000 	/usr/lib/system/libremovefile.dylib
0x00007fff72cb4000 	/usr/lib/system/libsystem_asl.dylib
0x00007fff72ccc000 	/usr/lib/system/libsystem_blocks.dylib
0x00007fff72ccd000 	/usr/lib/system/libsystem_c.dylib
0x00007fff72d55000 	/usr/lib/system/libsystem_configuration.dylib
0x00007fff72d59000 	/usr/lib/system/libsystem_coreservices.dylib
0x00007fff72d5d000 	/usr/lib/system/libsystem_darwin.dylib
0x00007fff72d65000 	/usr/lib/system/libsystem_dnssd.dylib
0x00007fff72d6d000 	/usr/lib/system/libsystem_featureflags.dylib
0x00007fff72d6f000 	/usr/lib/system/libsystem_info.dylib
0x00007fff72dea000 	/usr/lib/system/libsystem_m.dylib
0x00007fff72e32000 	/usr/lib/system/libsystem_malloc.dylib
0x00007fff72e5a000 	/usr/lib/system/libsystem_networkextension.dylib
0x00007fff72e68000 	/usr/lib/system/libsystem_notify.dylib
0x00007fff72e87000 	/usr/lib/system/libsystem_sandbox.dylib
0x00007fff72e8c000 	/usr/lib/system/libsystem_secinit.dylib
0x00007fff72dbd000 	/usr/lib/system/libsystem_kernel.dylib
0x00007fff72e72000 	/usr/lib/system/libsystem_platform.dylib
0x00007fff72e7c000 	/usr/lib/system/libsystem_pthread.dylib
0x00007fff72e8f000 	/usr/lib/system/libsystem_symptoms.dylib
0x00007fff72e97000 	/usr/lib/system/libsystem_trace.dylib
0x00007fff72eaf000 	/usr/lib/system/libunwind.dylib
0x00007fff72eb5000 	/usr/lib/system/libxpc.dylib
0x00007fff6fe13000 	/usr/lib/libc++abi.dylib
0x00007fff70bfe000 	/usr/lib/liblzma.5.dylib
0x00007fff7087d000 	/usr/lib/libfakelink.dylib
0x00007fff6fbd6000 	/usr/lib/libarchive.2.dylib
0x00007fff49192000 	/System/Library/Frameworks/SystemConfiguration.framework/Versions/A/SystemConfiguration
0x00007fff6f54b000 	/usr/lib/libCRFSuite.dylib
0x00007fff3a107000 	/System/Library/Frameworks/CFNetwork.framework/Versions/A/CFNetwork
0x00007fff6fda1000 	/usr/lib/libbsm.0.dylib
0x00007fff72c9b000 	/usr/lib/system/libkxld.dylib
0x00007fff4eb98000 	/System/Library/PrivateFrameworks/AppleFSCompression.framework/Versions/A/AppleFSCompression
0x00007fff70114000 	/usr/lib/libcoretls.dylib
0x00007fff7012b000 	/usr/lib/libcoretls_cfhelpers.dylib
0x00007fff71948000 	/usr/lib/libpam.2.dylib
0x00007fff71a77000 	/usr/lib/libsqlite3.dylib
0x00007fff71eb7000 	/usr/lib/libxar.1.dylib
0x00007fff6fdb2000 	/usr/lib/libbz2.1.0.dylib
0x00007fff70899000 	/usr/lib/libiconv.2.dylib
0x00007fff6fe28000 	/usr/lib/libcharset.1.dylib
0x00007fff713f4000 	/usr/lib/libnetwork.dylib
0x00007fff7194f000 	/usr/lib/libpcap.A.dylib
0x00007fff6fb8b000 	/usr/lib/libapple_nghttp2.dylib
0x00007fff3d0da000 	/System/Library/Frameworks/CoreServices.framework/Versions/A/Frameworks/FSEvents.framework/Versions/A/FSEvents
0x00007fff3cdaa000 	/System/Library/Frameworks/CoreServices.framework/Versions/A/Frameworks/CarbonCore.framework/Versions/A/CarbonCore
0x00007fff3d31c000 	/System/Library/Frameworks/CoreServices.framework/Versions/A/Frameworks/Metadata.framework/Versions/A/Metadata
0x00007fff3d3b5000 	/System/Library/Frameworks/CoreServices.framework/Versions/A/Frameworks/OSServices.framework/Versions/A/OSServices
0x00007fff3d3e3000 	/System/Library/Frameworks/CoreServices.framework/Versions/A/Frameworks/SearchKit.framework/Versions/A/SearchKit
0x00007fff3cd24000 	/System/Library/Frameworks/CoreServices.framework/Versions/A/Frameworks/AE.framework/Versions/A/AE
0x00007fff3d0e3000 	/System/Library/Frameworks/CoreServices.framework/Versions/A/Frameworks/LaunchServices.framework/Versions/A/LaunchServices
0x00007fff3d08c000 	/System/Library/Frameworks/CoreServices.framework/Versions/A/Frameworks/DictionaryServices.framework/Versions/A/DictionaryServices
0x00007fff3d44b000 	/System/Library/Frameworks/CoreServices.framework/Versions/A/Frameworks/SharedFileList.framework/Versions/A/SharedFileList
0x00007fff42004000 	/System/Library/Frameworks/NetFS.framework/Versions/A/NetFS
0x00007fff622f0000 	/System/Library/PrivateFrameworks/NetAuth.framework/Versions/A/NetAuth
0x00007fff6f1db000 	/System/Library/PrivateFrameworks/login.framework/Versions/A/Frameworks/loginsupport.framework/Versions/A/loginsupport
0x00007fff6af8b000 	/System/Library/PrivateFrameworks/TCC.framework/Versions/A/TCC
0x00007fff536d9000 	/System/Library/PrivateFrameworks/CoreNLP.framework/Versions/A/CoreNLP
0x00007fff61881000 	/System/Library/PrivateFrameworks/MetadataUtilities.framework/Versions/A/MetadataUtilities
0x00007fff70cd6000 	/usr/lib/libmecabra.dylib
0x00007fff70c2e000 	/usr/lib/libmecab.dylib
0x00007fff7088e000 	/usr/lib/libgermantok.dylib
0x00007fff6fb72000 	/usr/lib/libThaiTokenizer.dylib
0x00007fff6f583000 	/usr/lib/libChineseTokenizer.dylib
0x00007fff3773a000 	/System/Library/Frameworks/Accelerate.framework/Versions/A/Frameworks/vImage.framework/Versions/A/vImage
0x00007fff389dc000 	/System/Library/Frameworks/Accelerate.framework/Versions/A/Frameworks/vecLib.framework/Versions/A/vecLib
0x00007fff38920000 	/System/Library/Frameworks/Accelerate.framework/Versions/A/Frameworks/vecLib.framework/Versions/A/libvMisc.dylib
0x00007fff38746000 	/System/Library/Frameworks/Accelerate.framework/Versions/A/Frameworks/vecLib.framework/Versions/A/libvDSP.dylib
0x00007fff37da6000 	/System/Library/Frameworks/Accelerate.framework/Versions/A/Frameworks/vecLib.framework/Versions/A/libBLAS.dylib
0x00007fff38300000 	/System/Library/Frameworks/Accelerate.framework/Versions/A/Frameworks/vecLib.framework/Versions/A/libLAPACK.dylib
0x00007fff386a6000 	/System/Library/Frameworks/Accelerate.framework/Versions/A/Frameworks/vecLib.framework/Versions/A/libLinearAlgebra.dylib
0x00007fff38733000 	/System/Library/Frameworks/Accelerate.framework/Versions/A/Frameworks/vecLib.framework/Versions/A/libSparseBLAS.dylib
0x00007fff386bc000 	/System/Library/Frameworks/Accelerate.framework/Versions/A/Frameworks/vecLib.framework/Versions/A/libQuadrature.dylib
0x00007fff3800f000 	/System/Library/Frameworks/Accelerate.framework/Versions/A/Frameworks/vecLib.framework/Versions/A/libBNNS.dylib
0x00007fff386c2000 	/System/Library/Frameworks/Accelerate.framework/Versions/A/Frameworks/vecLib.framework/Versions/A/libSparse.dylib
0x00007fff6032f000 	/System/Library/PrivateFrameworks/LanguageModeling.framework/Versions/A/LanguageModeling
0x00007fff5307d000 	/System/Library/PrivateFrameworks/CoreEmoji.framework/Versions/A/CoreEmoji
0x00007fff6044c000 	/System/Library/PrivateFrameworks/LinguisticData.framework/Versions/A/LinguisticData
0x00007fff603fd000 	/System/Library/PrivateFrameworks/Lexicon.framework/Versions/A/Lexicon
0x00007fff6fe29000 	/usr/lib/libcmph.dylib
0x00007fff44bd4000 	/System/Library/Frameworks/OpenDirectory.framework/Versions/A/Frameworks/CFOpenDirectory.framework/Versions/A/CFOpenDirectory
0x00007fff44bf1000 	/System/Library/Frameworks/OpenDirectory.framework/Versions/A/OpenDirectory
0x00007fff4cf50000 	/System/Library/PrivateFrameworks/APFS.framework/Versions/A/APFS
0x00007fff482c3000 	/System/Library/Frameworks/SecurityFoundation.framework/Versions/A/SecurityFoundation
0x00007fff71eb3000 	/usr/lib/libutil.dylib
0x00007fff54353000 	/System/Library/PrivateFrameworks/CoreServicesStore.framework/Versions/A/CoreServicesStore
0x00007fff483a4000 	/System/Library/Frameworks/ServiceManagement.framework/Versions/A/ServiceManagement
0x00007fff50333000 	/System/Library/PrivateFrameworks/BackgroundTaskManagement.framework/Versions/A/BackgroundTaskManagement
0x00007fff71fb0000 	/usr/lib/libxslt.1.dylib
0x00007fff4f1f6000 	/System/Library/PrivateFrameworks/AppleSystemInfo.framework/Versions/A/AppleSystemInfo
0x00007fff3ea53000 	/System/Library/Frameworks/ImageIO.framework/Versions/A/Resources/libJPEG.dylib
0x00007fff3ed12000 	/System/Library/Frameworks/ImageIO.framework/Versions/A/Resources/libTIFF.dylib
0x00007fff3ecf5000 	/System/Library/Frameworks/ImageIO.framework/Versions/A/Resources/libPng.dylib
0x00007fff3e994000 	/System/Library/Frameworks/ImageIO.framework/Versions/A/Resources/libGIF.dylib
0x00007fff3e998000 	/System/Library/Frameworks/ImageIO.framework/Versions/A/Resources/libJP2.dylib
0x00007fff3ed10000 	/System/Library/Frameworks/ImageIO.framework/Versions/A/Resources/libRadiance.dylib
0x00007fff70856000 	/usr/lib/libexpat.1.dylib
0x00007fff4ecf3000 	/System/Library/PrivateFrameworks/AppleJPEG.framework/Versions/A/AppleJPEG
0x00007fff5756b000 	/System/Library/PrivateFrameworks/FontServices.framework/libFontParser.dylib
0x00007fff6e236000 	/System/Library/PrivateFrameworks/WatchdogClient.framework/Versions/A/WatchdogClient
0x00007fff5f9c2000 	/System/Library/PrivateFrameworks/IOAccelerator.framework/Versions/A/IOAccelerator
0x00007fff410bd000 	/System/Library/Frameworks/MetalPerformanceShaders.framework/Versions/A/MetalPerformanceShaders
0x00007fff5c2b8000 	/System/Library/PrivateFrameworks/GPUWrangler.framework/Versions/A/GPUWrangler
0x00007fff5f9cd000 	/System/Library/PrivateFrameworks/IOPresentment.framework/Versions/A/IOPresentment
0x00007fff5502b000 	/System/Library/PrivateFrameworks/DSExternalDisplay.framework/Versions/A/DSExternalDisplay
0x00007fff4555a000 	/System/Library/Frameworks/OpenGL.framework/Versions/A/Libraries/libCoreFSCache.dylib
0x00007fff40e0e000 	/System/Library/Frameworks/MetalPerformanceShaders.framework/Frameworks/MPSCore.framework/Versions/A/MPSCore
0x00007fff40e4b000 	/System/Library/Frameworks/MetalPerformanceShaders.framework/Frameworks/MPSImage.framework/Versions/A/MPSImage
0x00007fff40f0e000 	/System/Library/Frameworks/MetalPerformanceShaders.framework/Frameworks/MPSNeuralNetwork.framework/Versions/A/MPSNeuralNetwork
0x00007fff40ed2000 	/System/Library/Frameworks/MetalPerformanceShaders.framework/Frameworks/MPSMatrix.framework/Versions/A/MPSMatrix
0x00007fff4106e000 	/System/Library/Frameworks/MetalPerformanceShaders.framework/Frameworks/MPSRayIntersector.framework/Versions/A/MPSRayIntersector
0x00007fff40ef8000 	/System/Library/Frameworks/MetalPerformanceShaders.framework/Frameworks/MPSNDArray.framework/Versions/A/MPSNDArray
0x00007fff618ce000 	/System/Library/PrivateFrameworks/MetalTools.framework/Versions/A/MetalTools
0x00007fff4e02f000 	/System/Library/PrivateFrameworks/AggregateDictionary.framework/Versions/A/AggregateDictionary
0x00007fff52b14000 	/System/Library/PrivateFrameworks/CoreAnalytics.framework/Versions/A/CoreAnalytics
0x00007fff4f114000 	/System/Library/PrivateFrameworks/AppleSauce.framework/Versions/A/AppleSauce
0x00007fff6f83e000 	/usr/lib/libIOReport.dylib
0x00007fff3d94c000 	/System/Library/Frameworks/CoreVideo.framework/Versions/A/CoreVideo
0x00007fff5d6a5000 	/System/Library/PrivateFrameworks/GraphVisualizer.framework/Versions/A/GraphVisualizer
0x00007fff56aed000 	/System/Library/PrivateFrameworks/FaceCore.framework/Versions/A/FaceCore
0x00007fff44b7b000 	/System/Library/Frameworks/OpenCL.framework/Versions/A/OpenCL
0x00007fff6f660000 	/usr/lib/libFosl_dynamic.dylib
0x00007fff62ce6000 	/System/Library/PrivateFrameworks/OTSVG.framework/Versions/A/OTSVG
0x00007fff39a82000 	/System/Library/Frameworks/ApplicationServices.framework/Versions/A/Frameworks/ATS.framework/Versions/A/Resources/libFontRegistry.dylib
0x00007fff5773c000 	/System/Library/PrivateFrameworks/FontServices.framework/libhvf.dylib
0x00007fff45565000 	/System/Library/Frameworks/OpenGL.framework/Versions/A/Libraries/libGFXShared.dylib
0x00007fff45742000 	/System/Library/Frameworks/OpenGL.framework/Versions/A/Libraries/libGLU.dylib
0x00007fff4556e000 	/System/Library/Frameworks/OpenGL.framework/Versions/A/Libraries/libGL.dylib
0x00007fff45579000 	/System/Library/Frameworks/OpenGL.framework/Versions/A/Libraries/libGLImage.dylib
0x00007fff45557000 	/System/Library/Frameworks/OpenGL.framework/Versions/A/Libraries/libCVMSPluginSupport.dylib
0x00007fff45560000 	/System/Library/Frameworks/OpenGL.framework/Versions/A/Libraries/libCoreVMClient.dylib
0x00007fff71296000 	/usr/lib/libncurses.5.4.dylib
0x00007fff3997e000 	/System/Library/Frameworks/ApplicationServices.framework/Versions/A/Frameworks/ATS.framework/Versions/A/ATS
0x00007fff39b4b000 	/System/Library/Frameworks/ApplicationServices.framework/Versions/A/Frameworks/ColorSyncLegacy.framework/Versions/A/ColorSyncLegacy
0x00007fff39bea000 	/System/Library/Frameworks/ApplicationServices.framework/Versions/A/Frameworks/HIServices.framework/Versions/A/HIServices
0x00007fff39c41000 	/System/Library/Frameworks/ApplicationServices.framework/Versions/A/Frameworks/LangAnalysis.framework/Versions/A/LangAnalysis
0x00007fff39c50000 	/System/Library/Frameworks/ApplicationServices.framework/Versions/A/Frameworks/PrintCore.framework/Versions/A/PrintCore
0x00007fff39c96000 	/System/Library/Frameworks/ApplicationServices.framework/Versions/A/Frameworks/QD.framework/Versions/A/QD
0x00007fff39ca1000 	/System/Library/Frameworks/ApplicationServices.framework/Versions/A/Frameworks/SpeechSynthesis.framework/Versions/A/SpeechSynthesis
0x00007fff39b1b000 	/System/Library/Frameworks/ApplicationServices.framework/Versions/A/Frameworks/ATSUI.framework/Versions/A/ATSUI
0x00007fff706ea000 	/usr/lib/libcups.2.dylib
0x00007fff40176000 	/System/Library/Frameworks/Kerberos.framework/Versions/A/Kerberos
0x00007fff3e42b000 	/System/Library/Frameworks/GSS.framework/Versions/A/GSS
0x00007fff71a04000 	/usr/lib/libresolv.9.dylib
0x00007fff5d846000 	/System/Library/PrivateFrameworks/Heimdal.framework/Versions/A/Heimdal
0x00007fff40189000 	/System/Library/Frameworks/Kerberos.framework/Versions/A/Libraries/libHeimdalProxy.dylib
0x00007fff70894000 	/usr/lib/libheimdal-asn1.dylib
0x00007fff51fda000 	/System/Library/PrivateFrameworks/CommonAuth.framework/Versions/A/CommonAuth
0x00007fff4f293000 	/System/Library/PrivateFrameworks/AssertionServices.framework/Versions/A/AssertionServices
0x00007fff4fe29000 	/System/Library/PrivateFrameworks/AudioToolboxCore.framework/Versions/A/AudioToolboxCore
0x00007fff6ee8e000 	/System/Library/PrivateFrameworks/caulk.framework/Versions/A/caulk
0x00007fff503df000 	/System/Library/PrivateFrameworks/BaseBoard.framework/Versions/A/BaseBoard
0x00007fff66dbe000 	/System/Library/PrivateFrameworks/RunningBoardServices.framework/Versions/A/RunningBoardServices
0x00007fff63eb1000 	/System/Library/PrivateFrameworks/PersistentConnection.framework/Versions/A/PersistentConnection
0x00007fff667cb000 	/System/Library/PrivateFrameworks/ProtocolBuffer.framework/Versions/A/ProtocolBuffer
0x00007fff51ff7000 	/System/Library/PrivateFrameworks/CommonUtilities.framework/Versions/A/CommonUtilities
0x00007fff5055e000 	/System/Library/PrivateFrameworks/Bom.framework/Versions/A/Bom
0x00007fff6f50f000 	/usr/lib/libAudioToolboxUtility.dylib
0x00007fff5033d000 	/System/Library/PrivateFrameworks/Backup.framework/Versions/A/Backup
0x00007fff54d9a000 	/System/Library/PrivateFrameworks/CrashReporterSupport.framework/Versions/A/CrashReporterSupport
0x00007fff68847000 	/System/Library/PrivateFrameworks/Sharing.framework/Versions/A/Sharing
0x00007fff4ea40000 	/System/Library/PrivateFrameworks/Apple80211.framework/Versions/A/Apple80211
0x00007fff50065000 	/System/Library/PrivateFrameworks/AuthKit.framework/Versions/A/AuthKit
0x00007fff54ac8000 	/System/Library/PrivateFrameworks/CoreUtils.framework/Versions/A/CoreUtils
0x00007fff3d991000 	/System/Library/Frameworks/CoreWLAN.framework/Versions/A/CoreWLAN
0x00007fff3e594000 	/System/Library/Frameworks/IOBluetooth.framework/Versions/A/IOBluetooth
0x00007fff61bcc000 	/System/Library/PrivateFrameworks/MobileKeyBag.framework/Versions/A/MobileKeyBag
0x00007fff53ba9000 	/System/Library/PrivateFrameworks/CorePhoneNumbers.framework/Versions/A/CorePhoneNumbers
0x00007fff4eca6000 	/System/Library/PrivateFrameworks/AppleIDAuthSupport.framework/Versions/A/AppleIDAuthSupport
0x00007fff42011000 	/System/Library/Frameworks/Network.framework/Versions/A/Network
0x00007fff601b8000 	/System/Library/PrivateFrameworks/KeychainCircle.framework/Versions/A/KeychainCircle
0x00007fff3b41e000 	/System/Library/Frameworks/CoreBluetooth.framework/Versions/A/CoreBluetooth
0x00007fff6a4a1000 	/System/Library/PrivateFrameworks/SpeechRecognitionCore.framework/Versions/A/SpeechRecognitionCore
0x00007fff2eec1000 	/System/Library/CoreServices/Encodings/libKoreanConverter.dylib
0x0000000104e00000 	/Library/Java/JavaVirtualMachines/jdk1.8.0_221.jdk/Contents/Home/jre/lib/server/libjvm.dylib
0x00007fff71d88000 	/usr/lib/libstdc++.6.dylib
0x000000010442d000 	/Library/Java/JavaVirtualMachines/jdk1.8.0_221.jdk/Contents/Home/jre/lib/libverify.dylib
0x000000010443b000 	/Library/Java/JavaVirtualMachines/jdk1.8.0_221.jdk/Contents/Home/jre/lib/libjava.dylib
0x0000000104472000 	/Library/Java/JavaVirtualMachines/jdk1.8.0_221.jdk/Contents/Home/jre/lib/libjdwp.dylib
0x00000001044bd000 	/Library/Java/JavaVirtualMachines/jdk1.8.0_221.jdk/Contents/Home/jre/lib/libnpt.dylib
0x00000001044c1000 	/Library/Java/JavaVirtualMachines/jdk1.8.0_221.jdk/Contents/Home/jre/lib/libinstrument.dylib
0x000000010455f000 	/Library/Java/JavaVirtualMachines/jdk1.8.0_221.jdk/Contents/Home/jre/lib/libzip.dylib
0x000000010b0a5000 	/Library/Java/JavaVirtualMachines/jdk1.8.0_221.jdk/Contents/Home/jre/lib/libdt_socket.dylib

VM Arguments:
jvm_args: -agentlib:jdwp=transport=dt_socket,suspend=y,address=localhost:50303 -javaagent:/Applications/STS.app/Contents/Eclipse/configuration/org.eclipse.osgi/299/0/.cp/lib/javaagent-shaded.jar -Dfile.encoding=UTF-8 
java_command: com.take91.ds.list.Test
java_class_path (initial): /Users/sarkh/Documents/workspace/DataStructure/bin:/Applications/STS.app/Contents/Eclipse/configuration/org.eclipse.osgi/299/0/.cp/lib/javaagent-shaded.jar
Launcher Type: SUN_STANDARD

Environment Variables:
PATH=/usr/bin:/bin:/usr/sbin:/sbin
SHELL=/usr/local/bin/zsh

Signal Handlers:
SIGSEGV: [libjvm.dylib+0x5b71a7], sa_mask[0]=11111111011111110111111111111111, sa_flags=SA_ONSTACK|SA_RESTART|SA_SIGINFO
SIGBUS: [libjvm.dylib+0x5b71a7], sa_mask[0]=11111111011111110111111111111111, sa_flags=SA_RESTART|SA_SIGINFO
SIGFPE: [libjvm.dylib+0x48c8fc], sa_mask[0]=11111111011111110111111111111111, sa_flags=SA_RESTART|SA_SIGINFO
SIGPIPE: [libjvm.dylib+0x48c8fc], sa_mask[0]=11111111011111110111111111111111, sa_flags=SA_RESTART|SA_SIGINFO
SIGXFSZ: [libjvm.dylib+0x48c8fc], sa_mask[0]=11111111011111110111111111111111, sa_flags=SA_RESTART|SA_SIGINFO
SIGILL: [libjvm.dylib+0x48c8fc], sa_mask[0]=11111111011111110111111111111111, sa_flags=SA_RESTART|SA_SIGINFO
SIGUSR1: SIG_DFL, sa_mask[0]=00000000000000000000000000000000, sa_flags=none
SIGUSR2: [libjvm.dylib+0x48c41a], sa_mask[0]=00100000000000000000000000000000, sa_flags=SA_RESTART|SA_SIGINFO
SIGHUP: [libjvm.dylib+0x48a9a5], sa_mask[0]=11111111011111110111111111111111, sa_flags=SA_RESTART|SA_SIGINFO
SIGINT: [libjvm.dylib+0x48a9a5], sa_mask[0]=11111111011111110111111111111111, sa_flags=SA_RESTART|SA_SIGINFO
SIGTERM: [libjvm.dylib+0x48a9a5], sa_mask[0]=11111111011111110111111111111111, sa_flags=SA_RESTART|SA_SIGINFO
SIGQUIT: [libjvm.dylib+0x48a9a5], sa_mask[0]=11111111011111110111111111111111, sa_flags=SA_RESTART|SA_SIGINFO


---------------  S Y S T E M  ---------------

OS:Bsduname:Darwin 19.0.0 Darwin Kernel Version 19.0.0: Wed Sep 25 20:18:50 PDT 2019; root:xnu-6153.11.26~2/RELEASE_X86_64 x86_64
rlimit: STACK 8192k, CORE 0k, NPROC 1392, NOFILE 10240, AS infinity
load average:2.09 2.00 2.00

CPU:total 4 (initial active 4) (2 cores per cpu, 2 threads per core) family 6 model 61 stepping 4, cmov, cx8, fxsr, mmx, sse, sse2, sse3, ssse3, sse4.1, sse4.2, popcnt, avx, avx2, aes, clmul, erms, 3dnowpref, lzcnt, ht, tsc, tscinvbit, bmi1, bmi2, adx

Memory: 4k page, physical 8388608k(762380k free)

/proc/meminfo:


vm_info: Java HotSpot(TM) 64-Bit Server VM (25.221-b11) for bsd-amd64 JRE (1.8.0_221-b11), built on Jul  4 2019 04:36:22 by "java_re" with gcc 4.2.1 (Based on Apple Inc. build 5658) (LLVM build 2336.11.00)

time: Thu Oct 24 16:25:24 2019
timezone: KST
elapsed time: 17 seconds (0d 0h 0m 17s)

